<?xml version="1.0" encoding="UTF-8"?>
<testng-results ignored="0" total="1" passed="1" failed="0" skipped="0">
  <reporter-output>
  </reporter-output>
  <suite started-at="2022-10-28T14:13:04 IST" name="Suite" finished-at="2022-10-28T14:13:19 IST" duration-ms="14610">
    <groups>
      <group name="cucumber">
        <method signature="AbstractTestNGCucumberTests.runScenario(io.cucumber.testng.PickleWrapper,io.cucumber.testng.FeatureWrapper)[pri:0, instance:runner.CucumberRunnerTests@400cff1a]" name="runScenario" class="io.cucumber.testng.AbstractTestNGCucumberTests"/>
      </group> <!-- cucumber -->
    </groups>
    <test started-at="2022-10-28T14:13:04 IST" name="Cucumber with TestNG Test" finished-at="2022-10-28T14:13:19 IST" duration-ms="14610">
      <class name="runner.CucumberRunnerTests">
        <test-method is-config="true" signature="setUpClass(org.testng.ITestContext)[pri:0, instance:runner.CucumberRunnerTests@400cff1a]" started-at="2022-10-28T14:13:04 IST" name="setUpClass" finished-at="2022-10-28T14:13:05 IST" duration-ms="118" status="PASS">
          <params>
            <param index="0">
              <value>
                <![CDATA[org.testng.TestRunner@24f870ee]]>
              </value>
            </param>
          </params>
          <reporter-output>
          </reporter-output>
        </test-method> <!-- setUpClass -->
        <test-method signature="runScenario(io.cucumber.testng.PickleWrapper,io.cucumber.testng.FeatureWrapper)[pri:0, instance:runner.CucumberRunnerTests@400cff1a]" started-at="2022-10-28T14:13:05 IST" name="runScenario" description="Runs Cucumber Scenarios" data-provider="scenarios" finished-at="2022-10-28T14:13:19 IST" duration-ms="14477" status="PASS">
          <params>
            <param index="0">
              <value>
                <![CDATA["Add multiple Todo's, Edit a random Todo and mark it as completed"]]>
              </value>
            </param>
            <param index="1">
              <value>
                <![CDATA["Login to HRM Application"]]>
              </value>
            </param>
          </params>
          <reporter-output>
          </reporter-output>
        </test-method> <!-- runScenario -->
        <test-method is-config="true" signature="tearDownClass()[pri:0, instance:runner.CucumberRunnerTests@400cff1a]" started-at="2022-10-28T14:13:19 IST" name="tearDownClass" finished-at="2022-10-28T14:13:19 IST" duration-ms="3" status="PASS">
          <reporter-output>
          </reporter-output>
        </test-method> <!-- tearDownClass -->
      </class> <!-- runner.CucumberRunnerTests -->
    </test> <!-- Cucumber with TestNG Test -->
  </suite> <!-- Suite -->
</testng-results>
